<?xml version="1.0" encoding="UTF-8"?>
<!-- Generated by org.testng.reporters.JUnitXMLReporter -->
<testsuite ignored="1" hostname="DESKTOP-SL41LMC" failures="0" tests="8" name="Default test" time="0.333" errors="0" timestamp="2023-09-21T08:08:54 IST">
  <testcase classname="TestNg.Priority_invocation_Isenabled" name="demo1" time="0.04"/>
  <testcase classname="TestNg.Priority_invocation_Isenabled" name="demo1" time="0.004"/>
  <testcase classname="TestNg.Priority_invocation_Isenabled" name="demo1" time="0.006"/>
  <testcase classname="TestNg.Priority_invocation_Isenabled" name="demo3" time="0.008"/>
  <testcase classname="TestNg.Priority_invocation_Isenabled" name="demo3" time="0.007"/>
  <testcase classname="TestNg.Priority_invocation_Isenabled" name="demo3" time="0.015"/>
  <testcase classname="TestNg.Priority_invocation_Isenabled" name="demo3" time="0.017"/>
  <testcase classname="TestNg.Priority_invocation_Isenabled" name="demo3" time="0.013"/>
  <testcase classname="TestNg.Priority_invocation_Isenabled" name="demo2" time="0.0">
    <ignored/>
  </testcase> <!-- demo2 -->
</testsuite> <!-- Default test -->
