<?xml version="1.0" encoding="UTF-8"?>
<testng-results ignored="0" total="2" passed="2" failed="0" skipped="0">
  <reporter-output>
  </reporter-output>
  <suite started-at="2023-09-21T08:39:16 IST" name="Suite" finished-at="2023-09-21T08:40:07 IST" duration-ms="50668">
    <groups>
    </groups>
    <test started-at="2023-09-21T08:39:16 IST" name="Test" finished-at="2023-09-21T08:40:07 IST" duration-ms="50668">
      <class name="Testng_sequencial.amazon">
        <test-method signature="az()[pri:0, instance:Testng_sequencial.amazon@747ddf94]" started-at="2023-09-21T08:39:16 IST" name="az" finished-at="2023-09-21T08:39:52 IST" duration-ms="35398" status="PASS">
          <reporter-output>
          </reporter-output>
        </test-method> <!-- az -->
      </class> <!-- Testng_sequencial.amazon -->
      <class name="Testng_sequencial.facebook">
        <test-method signature="fb()[pri:0, instance:Testng_sequencial.facebook@1283bb96]" started-at="2023-09-21T08:39:52 IST" name="fb" finished-at="2023-09-21T08:40:07 IST" duration-ms="15124" status="PASS">
          <reporter-output>
          </reporter-output>
        </test-method> <!-- fb -->
      </class> <!-- Testng_sequencial.facebook -->
    </test> <!-- Test -->
  </suite> <!-- Suite -->
</testng-results>
